nohup: ignoring input
/data/coding/chaochuan/cc/meta_learner/get_meta_feature.py:20: FutureWarning: DataFrame.fillna with 'method' is deprecated and will raise in a future version. Use obj.ffill() or obj.bfill() instead.
  data = data.fillna(method='ffill').values
/data/coding/chaochuan/cc/meta_learner/get_meta_feature.py:20: FutureWarning: DataFrame.fillna with 'method' is deprecated and will raise in a future version. Use obj.ffill() or obj.bfill() instead.
  data = data.fillna(method='ffill').values
/data/coding/chaochuan/cc/meta_learner/get_meta_feature.py:20: FutureWarning: DataFrame.fillna with 'method' is deprecated and will raise in a future version. Use obj.ffill() or obj.bfill() instead.
  data = data.fillna(method='ffill').values
/data/coding/chaochuan/cc/meta_learner/get_meta_feature.py:20: FutureWarning: DataFrame.fillna with 'method' is deprecated and will raise in a future version. Use obj.ffill() or obj.bfill() instead.
  data = data.fillna(method='ffill').values
/data/coding/chaochuan/cc/meta_learner/get_meta_feature.py:20: FutureWarning: DataFrame.fillna with 'method' is deprecated and will raise in a future version. Use obj.ffill() or obj.bfill() instead.
  data = data.fillna(method='ffill').values
/data/coding/chaochuan/cc/meta_learner/get_meta_feature.py:20: FutureWarning: DataFrame.fillna with 'method' is deprecated and will raise in a future version. Use obj.ffill() or obj.bfill() instead.
  data = data.fillna(method='ffill').values
/data/coding/chaochuan/cc/meta_learner/get_meta_feature.py:20: FutureWarning: DataFrame.fillna with 'method' is deprecated and will raise in a future version. Use obj.ffill() or obj.bfill() instead.
  data = data.fillna(method='ffill').values
/data/coding/chaochuan/cc/meta_learner/get_meta_feature.py:20: FutureWarning: DataFrame.fillna with 'method' is deprecated and will raise in a future version. Use obj.ffill() or obj.bfill() instead.
  data = data.fillna(method='ffill').values
/data/coding/chaochuan/cc/meta_learner/get_meta_feature.py:20: FutureWarning: DataFrame.fillna with 'method' is deprecated and will raise in a future version. Use obj.ffill() or obj.bfill() instead.
  data = data.fillna(method='ffill').values
/data/coding/chaochuan/cc/meta_learner/get_meta_feature.py:20: FutureWarning: DataFrame.fillna with 'method' is deprecated and will raise in a future version. Use obj.ffill() or obj.bfill() instead.
  data = data.fillna(method='ffill').values
/data/coding/chaochuan/cc/meta_learner/get_meta_feature.py:20: FutureWarning: DataFrame.fillna with 'method' is deprecated and will raise in a future version. Use obj.ffill() or obj.bfill() instead.
  data = data.fillna(method='ffill').values
/data/coding/chaochuan/cc/meta_learner/get_meta_feature.py:20: FutureWarning: DataFrame.fillna with 'method' is deprecated and will raise in a future version. Use obj.ffill() or obj.bfill() instead.
  data = data.fillna(method='ffill').values
/data/coding/chaochuan/cc/meta_learner/get_meta_feature.py:20: FutureWarning: DataFrame.fillna with 'method' is deprecated and will raise in a future version. Use obj.ffill() or obj.bfill() instead.
  data = data.fillna(method='ffill').values
/data/coding/chaochuan/cc/meta_learner/get_meta_feature.py:20: FutureWarning: DataFrame.fillna with 'method' is deprecated and will raise in a future version. Use obj.ffill() or obj.bfill() instead.
  data = data.fillna(method='ffill').values
/data/coding/chaochuan/cc/meta_learner/get_meta_feature.py:20: FutureWarning: DataFrame.fillna with 'method' is deprecated and will raise in a future version. Use obj.ffill() or obj.bfill() instead.
  data = data.fillna(method='ffill').values
/data/coding/chaochuan/cc/meta_learner/get_meta_feature.py:20: FutureWarning: DataFrame.fillna with 'method' is deprecated and will raise in a future version. Use obj.ffill() or obj.bfill() instead.
  data = data.fillna(method='ffill').values
/data/coding/chaochuan/cc/meta_learner/get_meta_feature.py:20: FutureWarning: DataFrame.fillna with 'method' is deprecated and will raise in a future version. Use obj.ffill() or obj.bfill() instead.
  data = data.fillna(method='ffill').values
/data/coding/chaochuan/cc/meta_learner/get_meta_feature.py:20: FutureWarning: DataFrame.fillna with 'method' is deprecated and will raise in a future version. Use obj.ffill() or obj.bfill() instead.
  data = data.fillna(method='ffill').values
/data/coding/chaochuan/cc/meta_learner/get_meta_feature.py:20: FutureWarning: DataFrame.fillna with 'method' is deprecated and will raise in a future version. Use obj.ffill() or obj.bfill() instead.
  data = data.fillna(method='ffill').values
/data/coding/chaochuan/cc/meta_learner/get_meta_feature.py:20: FutureWarning: DataFrame.fillna with 'method' is deprecated and will raise in a future version. Use obj.ffill() or obj.bfill() instead.
  data = data.fillna(method='ffill').values
/data/coding/chaochuan/cc/meta_learner/get_meta_feature.py:20: FutureWarning: DataFrame.fillna with 'method' is deprecated and will raise in a future version. Use obj.ffill() or obj.bfill() instead.
  data = data.fillna(method='ffill').values
/data/coding/chaochuan/cc/meta_learner/get_meta_feature.py:20: FutureWarning: DataFrame.fillna with 'method' is deprecated and will raise in a future version. Use obj.ffill() or obj.bfill() instead.
  data = data.fillna(method='ffill').values
['NN5', 'PEMS04', 'us_births_dataset_1', 'NYSE', 'NASDAQ', 'ZafNoo', 'ETTh1', 'AQWan', 'ETTh2', 'Solar', 'ILI', 'Electricity', 'Wike2000', 'Traffic', 'PEMS-BAY', 'AQShunyi', 'Weather', 'Wind', 'METR-LA', 'Exchange', 'PEMS08', 'ETTm1', 'FORECAST_META', 'FRED-MD', 'CzeLan', 'Covid-19', 'ETTm2']
['nature', 'm3', 'bitcoin', 'weather', 'vehicle_trips', 'tourism', 'm1', 'pedestrian_counts', 'kdd_cup', 'human', 'finance', 'dominick', 'economics', 'cif', 'm4']
NN5
PEMS04
us_births_dataset_1
NYSE
NASDAQ
ZafNoo
ETTh1
AQWan
ETTh2
Solar
ILI
Electricity
Wike2000
Traffic
PEMS-BAY
AQShunyi
Weather
Wind
METR-LA
Exchange
PEMS08
ETTm1
FORECAST_META
Traceback (most recent call last):
  File "/data/miniconda/envs/torch/lib/python3.10/site-packages/pandas/core/indexes/base.py", line 3805, in get_loc
    return self._engine.get_loc(casted_key)
  File "index.pyx", line 167, in pandas._libs.index.IndexEngine.get_loc
  File "index.pyx", line 196, in pandas._libs.index.IndexEngine.get_loc
  File "pandas/_libs/hashtable_class_helper.pxi", line 7081, in pandas._libs.hashtable.PyObjectHashTable.get_item
  File "pandas/_libs/hashtable_class_helper.pxi", line 7089, in pandas._libs.hashtable.PyObjectHashTable.get_item
KeyError: 'date'

The above exception was the direct cause of the following exception:

Traceback (most recent call last):
  File "/data/coding/chaochuan/cc/meta_learner/get_meta_feature.py", line 17, in <module>
    data = data.pivot(index='date', columns='cols', values='data')
  File "/data/miniconda/envs/torch/lib/python3.10/site-packages/pandas/core/frame.py", line 9339, in pivot
    return pivot(self, index=index, columns=columns, values=values)
  File "/data/miniconda/envs/torch/lib/python3.10/site-packages/pandas/core/reshape/pivot.py", line 553, in pivot
    index_list = [data[idx] for idx in com.convert_to_list_like(index)]
  File "/data/miniconda/envs/torch/lib/python3.10/site-packages/pandas/core/reshape/pivot.py", line 553, in <listcomp>
    index_list = [data[idx] for idx in com.convert_to_list_like(index)]
  File "/data/miniconda/envs/torch/lib/python3.10/site-packages/pandas/core/frame.py", line 4102, in __getitem__
    indexer = self.columns.get_loc(key)
  File "/data/miniconda/envs/torch/lib/python3.10/site-packages/pandas/core/indexes/base.py", line 3812, in get_loc
    raise KeyError(key) from err
KeyError: 'date'
nohup: ignoring input
/data/coding/chaochuan/cc/meta_learner/get_meta_feature.py:22: FutureWarning: DataFrame.fillna with 'method' is deprecated and will raise in a future version. Use obj.ffill() or obj.bfill() instead.
  data = data.fillna(method='ffill').values
/data/coding/chaochuan/cc/meta_learner/get_meta_feature.py:22: FutureWarning: DataFrame.fillna with 'method' is deprecated and will raise in a future version. Use obj.ffill() or obj.bfill() instead.
  data = data.fillna(method='ffill').values
/data/coding/chaochuan/cc/meta_learner/get_meta_feature.py:22: FutureWarning: DataFrame.fillna with 'method' is deprecated and will raise in a future version. Use obj.ffill() or obj.bfill() instead.
  data = data.fillna(method='ffill').values
/data/coding/chaochuan/cc/meta_learner/get_meta_feature.py:22: FutureWarning: DataFrame.fillna with 'method' is deprecated and will raise in a future version. Use obj.ffill() or obj.bfill() instead.
  data = data.fillna(method='ffill').values
/data/coding/chaochuan/cc/meta_learner/get_meta_feature.py:22: FutureWarning: DataFrame.fillna with 'method' is deprecated and will raise in a future version. Use obj.ffill() or obj.bfill() instead.
  data = data.fillna(method='ffill').values
/data/coding/chaochuan/cc/meta_learner/get_meta_feature.py:22: FutureWarning: DataFrame.fillna with 'method' is deprecated and will raise in a future version. Use obj.ffill() or obj.bfill() instead.
  data = data.fillna(method='ffill').values
/data/coding/chaochuan/cc/meta_learner/get_meta_feature.py:22: FutureWarning: DataFrame.fillna with 'method' is deprecated and will raise in a future version. Use obj.ffill() or obj.bfill() instead.
  data = data.fillna(method='ffill').values
/data/coding/chaochuan/cc/meta_learner/get_meta_feature.py:22: FutureWarning: DataFrame.fillna with 'method' is deprecated and will raise in a future version. Use obj.ffill() or obj.bfill() instead.
  data = data.fillna(method='ffill').values
/data/coding/chaochuan/cc/meta_learner/get_meta_feature.py:22: FutureWarning: DataFrame.fillna with 'method' is deprecated and will raise in a future version. Use obj.ffill() or obj.bfill() instead.
  data = data.fillna(method='ffill').values
/data/coding/chaochuan/cc/meta_learner/get_meta_feature.py:22: FutureWarning: DataFrame.fillna with 'method' is deprecated and will raise in a future version. Use obj.ffill() or obj.bfill() instead.
  data = data.fillna(method='ffill').values
/data/coding/chaochuan/cc/meta_learner/get_meta_feature.py:22: FutureWarning: DataFrame.fillna with 'method' is deprecated and will raise in a future version. Use obj.ffill() or obj.bfill() instead.
  data = data.fillna(method='ffill').values
/data/coding/chaochuan/cc/meta_learner/get_meta_feature.py:22: FutureWarning: DataFrame.fillna with 'method' is deprecated and will raise in a future version. Use obj.ffill() or obj.bfill() instead.
  data = data.fillna(method='ffill').values
/data/coding/chaochuan/cc/meta_learner/get_meta_feature.py:22: FutureWarning: DataFrame.fillna with 'method' is deprecated and will raise in a future version. Use obj.ffill() or obj.bfill() instead.
  data = data.fillna(method='ffill').values
/data/coding/chaochuan/cc/meta_learner/get_meta_feature.py:22: FutureWarning: DataFrame.fillna with 'method' is deprecated and will raise in a future version. Use obj.ffill() or obj.bfill() instead.
  data = data.fillna(method='ffill').values
/data/coding/chaochuan/cc/meta_learner/get_meta_feature.py:22: FutureWarning: DataFrame.fillna with 'method' is deprecated and will raise in a future version. Use obj.ffill() or obj.bfill() instead.
  data = data.fillna(method='ffill').values
/data/coding/chaochuan/cc/meta_learner/get_meta_feature.py:22: FutureWarning: DataFrame.fillna with 'method' is deprecated and will raise in a future version. Use obj.ffill() or obj.bfill() instead.
  data = data.fillna(method='ffill').values
/data/coding/chaochuan/cc/meta_learner/get_meta_feature.py:22: FutureWarning: DataFrame.fillna with 'method' is deprecated and will raise in a future version. Use obj.ffill() or obj.bfill() instead.
  data = data.fillna(method='ffill').values
/data/coding/chaochuan/cc/meta_learner/get_meta_feature.py:22: FutureWarning: DataFrame.fillna with 'method' is deprecated and will raise in a future version. Use obj.ffill() or obj.bfill() instead.
  data = data.fillna(method='ffill').values
/data/coding/chaochuan/cc/meta_learner/get_meta_feature.py:22: FutureWarning: DataFrame.fillna with 'method' is deprecated and will raise in a future version. Use obj.ffill() or obj.bfill() instead.
  data = data.fillna(method='ffill').values
/data/coding/chaochuan/cc/meta_learner/get_meta_feature.py:22: FutureWarning: DataFrame.fillna with 'method' is deprecated and will raise in a future version. Use obj.ffill() or obj.bfill() instead.
  data = data.fillna(method='ffill').values
/data/coding/chaochuan/cc/meta_learner/get_meta_feature.py:22: FutureWarning: DataFrame.fillna with 'method' is deprecated and will raise in a future version. Use obj.ffill() or obj.bfill() instead.
  data = data.fillna(method='ffill').values
/data/coding/chaochuan/cc/meta_learner/get_meta_feature.py:22: FutureWarning: DataFrame.fillna with 'method' is deprecated and will raise in a future version. Use obj.ffill() or obj.bfill() instead.
  data = data.fillna(method='ffill').values
/data/coding/chaochuan/cc/meta_learner/get_meta_feature.py:22: FutureWarning: DataFrame.fillna with 'method' is deprecated and will raise in a future version. Use obj.ffill() or obj.bfill() instead.
  data = data.fillna(method='ffill').values
/data/coding/chaochuan/cc/meta_learner/get_meta_feature.py:22: FutureWarning: DataFrame.fillna with 'method' is deprecated and will raise in a future version. Use obj.ffill() or obj.bfill() instead.
  data = data.fillna(method='ffill').values
/data/coding/chaochuan/cc/meta_learner/get_meta_feature.py:22: FutureWarning: DataFrame.fillna with 'method' is deprecated and will raise in a future version. Use obj.ffill() or obj.bfill() instead.
  data = data.fillna(method='ffill').values
/data/coding/chaochuan/cc/meta_learner/get_meta_feature.py:22: FutureWarning: DataFrame.fillna with 'method' is deprecated and will raise in a future version. Use obj.ffill() or obj.bfill() instead.
  data = data.fillna(method='ffill').values
['NN5', 'PEMS04', 'us_births_dataset_1', 'NYSE', 'NASDAQ', 'ZafNoo', 'ETTh1', 'AQWan', 'ETTh2', 'Solar', 'ILI', 'Electricity', 'Wike2000', 'Traffic', 'PEMS-BAY', 'AQShunyi', 'Weather', 'Wind', 'METR-LA', 'Exchange', 'PEMS08', 'ETTm1', 'FRED-MD', 'CzeLan', 'Covid-19', 'ETTm2']
['nature', 'm3', 'bitcoin', 'weather', 'vehicle_trips', 'tourism', 'm1', 'pedestrian_counts', 'kdd_cup', 'human', 'finance', 'dominick', 'economics', 'cif', 'm4']
NN5
PEMS04
us_births_dataset_1
NYSE
NASDAQ
ZafNoo
ETTh1
AQWan
ETTh2
Solar
ILI
Electricity
Wike2000
Traffic
PEMS-BAY
AQShunyi
Weather
Wind
METR-LA
Exchange
PEMS08
ETTm1
FRED-MD
CzeLan
Covid-19
ETTm2
nature
Traceback (most recent call last):
  File "/data/miniconda/envs/torch/lib/python3.10/site-packages/pandas/core/indexes/base.py", line 3805, in get_loc
    return self._engine.get_loc(casted_key)
  File "index.pyx", line 167, in pandas._libs.index.IndexEngine.get_loc
  File "index.pyx", line 173, in pandas._libs.index.IndexEngine.get_loc
TypeError: '(slice(None, None, None), 0)' is an invalid key

During handling of the above exception, another exception occurred:

Traceback (most recent call last):
  File "/data/coding/chaochuan/cc/meta_learner/get_meta_feature.py", line 48, in <module>
    X = tsfel.time_series_features_extractor(cfg, data[:,i], fs=100,verbose=0).values
  File "/data/miniconda/envs/torch/lib/python3.10/site-packages/pandas/core/frame.py", line 4102, in __getitem__
    indexer = self.columns.get_loc(key)
  File "/data/miniconda/envs/torch/lib/python3.10/site-packages/pandas/core/indexes/base.py", line 3817, in get_loc
    self._check_indexing_error(key)
  File "/data/miniconda/envs/torch/lib/python3.10/site-packages/pandas/core/indexes/base.py", line 6059, in _check_indexing_error
    raise InvalidIndexError(key)
pandas.errors.InvalidIndexError: (slice(None, None, None), 0)
nohup: ignoring input
['NN5', 'PEMS04', 'us_births_dataset_1', 'NYSE', 'NASDAQ', 'ZafNoo', 'ETTh1', 'AQWan', 'ETTh2', 'Solar', 'ILI', 'Electricity', 'Wike2000', 'Traffic', 'PEMS-BAY', 'AQShunyi', 'Weather', 'Wind', 'METR-LA', 'Exchange', 'PEMS08', 'ETTm1', 'FRED-MD', 'CzeLan', 'Covid-19', 'ETTm2']
['nature', 'm3', 'bitcoin', 'weather', 'vehicle_trips', 'tourism', 'm1', 'pedestrian_counts', 'kdd_cup', 'human', 'finance', 'dominick', 'economics', 'cif', 'm4']
['NN5', 'PEMS04', 'us_births_dataset_1', 'NYSE', 'NASDAQ', 'ZafNoo', 'ETTh1', 'AQWan', 'ETTh2', 'Solar', 'ILI', 'Electricity', 'Wike2000', 'Traffic', 'PEMS-BAY', 'AQShunyi', 'Weather', 'Wind', 'METR-LA', 'Exchange', 'PEMS08', 'ETTm1', 'FRED-MD', 'CzeLan', 'Covid-19', 'ETTm2', 'nature', 'm3', 'bitcoin']
weather
vehicle_trips
tourism
m1
pedestrian_counts
kdd_cup
human
finance
dominick
economics
cif
m4
